11/22/2025 01:50:49.431: C:\ProgramData\obs-studio-hook\graphics-hook32.dll                      :  [OBS] 
11/22/2025 01:50:49.431: C:\ProgramData\obs-studio-hook\graphics-hook32.dll                      :  graphics-hook.dll loaded against process: g.exe
11/22/2025 01:50:49.431: C:\ProgramData\obs-studio-hook\graphics-hook32.dll                      :  
11/22/2025 01:50:49.431: C:\ProgramData\obs-studio-hook\graphics-hook32.dll                      :  [OBS] 
11/22/2025 01:50:49.431: C:\ProgramData\obs-studio-hook\graphics-hook32.dll                      :  (half life scientist) everything..  seems to be in order
11/22/2025 01:50:49.431: C:\ProgramData\obs-studio-hook\graphics-hook32.dll                      :  
11/22/2025 01:50:50.779: C:\ProgramData\obs-studio-hook\graphics-hook32.dll                      :  [OBS] 
11/22/2025 01:50:50.780: C:\ProgramData\obs-studio-hook\graphics-hook32.dll                      :  Hooked IDXGISwapChain::Present
11/22/2025 01:50:50.780: C:\ProgramData\obs-studio-hook\graphics-hook32.dll                      :  
11/22/2025 01:50:50.780: C:\ProgramData\obs-studio-hook\graphics-hook32.dll                      :  [OBS] 
11/22/2025 01:50:50.780: C:\ProgramData\obs-studio-hook\graphics-hook32.dll                      :  Hooked IDXGISwapChain::ResizeBuffers
11/22/2025 01:50:50.780: C:\ProgramData\obs-studio-hook\graphics-hook32.dll                      :  
11/22/2025 01:50:50.780: C:\ProgramData\obs-studio-hook\graphics-hook32.dll                      :  [OBS] 
11/22/2025 01:50:50.780: C:\ProgramData\obs-studio-hook\graphics-hook32.dll                      :  Hooked IDXGISwapChain1::Present1
11/22/2025 01:50:50.780: C:\ProgramData\obs-studio-hook\graphics-hook32.dll                      :  
11/22/2025 01:50:50.780: C:\ProgramData\obs-studio-hook\graphics-hook32.dll                      :  [OBS] 
11/22/2025 01:50:50.780: C:\ProgramData\obs-studio-hook\graphics-hook32.dll                      :  Hooked DXGI
11/22/2025 01:50:50.780: C:\ProgramData\obs-studio-hook\graphics-hook32.dll                      :  
11/22/2025 01:50:50.791: C:\ProgramData\obs-studio-hook\graphics-hook32.dll                      :  [OBS] 
11/22/2025 01:50:50.791: C:\ProgramData\obs-studio-hook\graphics-hook32.dll                      :  Found D3D11 11.0 device on swap chain
11/22/2025 01:50:50.791: C:\ProgramData\obs-studio-hook\graphics-hook32.dll                      :  
11/22/2025 01:50:50.792: C:\ProgramData\obs-studio-hook\graphics-hook32.dll                      :  [OBS] 
11/22/2025 01:50:50.792: C:\ProgramData\obs-studio-hook\graphics-hook32.dll                      :  DXGI_SWAP_CHAIN_DESC:
    BufferDesc.Width: 1920
    BufferDesc.Height: 1080
    BufferDesc.RefreshRate.Numerator: 60
    BufferDesc.RefreshRate.Denominator: 1
    BufferDesc.Format: 28
    BufferDesc.ScanlineOrdering: 0
    BufferDesc.Scaling: 0
    SampleDesc.Count: 1
    SampleDesc.Quality: 0
    BufferUsage: 96
    BufferCount: 2
    Windowed: 1
    SwapEffect: 4
    Flags: 205011/22/2025 01:50:50.792: C:\ProgramData\obs-studio-hook\graphics-hook32.dll                      :  
11/22/2025 01:50:50.792: C:\ProgramData\obs-studio-hook\graphics-hook32.dll                      :  [OBS] 
11/22/2025 01:50:50.792: C:\ProgramData\obs-studio-hook\graphics-hook32.dll                      :  d3d11 shared texture capture successful
11/22/2025 01:50:50.792: C:\ProgramData\obs-studio-hook\graphics-hook32.dll                      :  
